<?xml version="1.0" encoding="UTF-8"?>
<!-- Generated by org.testng.reporters.JUnitReportReporter -->
<testsuite skipped="0" hostname="Desta" name="com.tokopedia.LoginRegistTest" tests="2" failures="0" timestamp="2022-07-15T09:11:06 ICT" time="74.485" errors="0">
  <testcase name="registTest" time="58.269" classname="com.tokopedia.LoginRegistTest"/>
  <system-out>
<a target='_blank' href=' C:\Users\ASUS\Documents\Juara Coding\EclipseIDE_dev\BelajarScreenShoot\test-output\tokpedss2.png'>'<img src='C:\Users\ASUS\Documents\Juara Coding\EclipseIDE_dev\BelajarScreenShoot\test-output\tokpedss2.png'width=100 height=100/></a>  </system-out>
  <testcase name="loginTest" time="16.216" classname="com.tokopedia.LoginRegistTest"/>
  <system-out>
<a target='_blank' href=' C:\Users\ASUS\Documents\Juara Coding\EclipseIDE_dev\BelajarScreenShoot\test-output\tokpedss1.png'>'<img src='C:\Users\ASUS\Documents\Juara Coding\EclipseIDE_dev\BelajarScreenShoot\test-output\tokpedss1.png'width=100 height=100/></a>  </system-out>
</testsuite> <!-- com.tokopedia.LoginRegistTest -->
