<?xml version="1.0" encoding="UTF-8"?>
<!-- Generated by org.testng.reporters.JUnitReportReporter -->
<testsuite skipped="0" hostname="Desta" name="com.tokopedia.LoginRegistTest" tests="2" failures="0" timestamp="2022-07-15T08:45:14 ICT" time="62.444" errors="0">
  <testcase name="registTest" time="48.508" classname="com.tokopedia.LoginRegistTest"/>
  <system-out>
<a target='_blank' href=' C:\Users\ASUS\Documents\Juara Coding\EclipseIDE_dev\BelajarScreenShoot\test-output\Tokpedss2.png'>'<img src='C:\Users\ASUS\Documents\Juara Coding\EclipseIDE_dev\BelajarScreenShoot\test-output\Tokpedss2.png'width=100 height=100/></a>  </system-out>
  <testcase name="loginTest" time="13.936" classname="com.tokopedia.LoginRegistTest"/>
  <system-out>
<a target='_blank' href=' C:\Users\ASUS\Documents\Juara Coding\EclipseIDE_dev\BelajarScreenShoot\test-output\Tokpedss1.png'>'<img src='C:\Users\ASUS\Documents\Juara Coding\EclipseIDE_dev\BelajarScreenShoot\test-output\Tokpedss1.png'width=100 height=100/></a>  </system-out>
</testsuite> <!-- com.tokopedia.LoginRegistTest -->
