<?xml version="1.0" encoding="UTF-8"?>
<!-- Generated by org.testng.reporters.JUnitReportReporter -->
<testsuite hostname="Desta" failures="0" tests="1" name="com.demo.guru99.Tugas01LoginDemoGuru.Tugas01LoginDemoGuru" time="3.276" errors="0" timestamp="2022-07-08T10:15:29 WIB" skipped="0">
  <testcase classname="com.demo.guru99.Tugas01LoginDemoGuru.Tugas01LoginDemoGuru" name="loginTest" time="3.276"/>
  <system-out/>
</testsuite> <!-- com.demo.guru99.Tugas01LoginDemoGuru.Tugas01LoginDemoGuru -->
