<?xml version="1.0" encoding="UTF-8"?>
<!-- Generated by org.testng.reporters.JUnitReportReporter -->
<testsuite hostname="Desta" failures="0" tests="2" name="com.juaracoding.test.TestKedua" time="0.004" errors="0" timestamp="2022-07-04T19:20:34 WIB" skipped="0">
  <testcase classname="com.juaracoding.test.TestKedua" name="testCase02" time="0.002"/>
  <system-out/>
  <testcase classname="com.juaracoding.test.TestKedua" name="testCase01" time="0.002"/>
  <system-out/>
</testsuite> <!-- com.juaracoding.test.TestKedua -->
