<?xml version="1.0" encoding="UTF-8"?>
<!-- Generated by org.testng.reporters.JUnitReportReporter -->
<testsuite hostname="Desta" failures="0" tests="2" name="com.juaracoding.geometry.CalculatorGeometryTest" time="0.013" errors="0" timestamp="2022-07-05T00:47:05 WIB" skipped="0">
  <testcase classname="com.juaracoding.geometry.CalculatorGeometryTest" name="testLuasSegitiga" time="0.001"/>
  <system-out/>
  <testcase classname="com.juaracoding.geometry.CalculatorGeometryTest" name="testLuasPersegi" time="0.012"/>
  <system-out/>
</testsuite> <!-- com.juaracoding.geometry.CalculatorGeometryTest -->
