<?xml version="1.0" encoding="UTF-8"?>
<!-- Generated by org.testng.reporters.JUnitReportReporter -->
<testsuite hostname="Desta" failures="0" tests="3" name="com.juaracoding.groups.AuthenticationTest" time="0.028" errors="0" timestamp="2022-07-04T21:05:46 WIB" skipped="0">
  <testcase classname="com.juaracoding.groups.AuthenticationTest" name="apiLogin" time="0.014"/>
  <system-out/>
  <testcase classname="com.juaracoding.groups.AuthenticationTest" name="mobileLogin" time="0.006"/>
  <system-out/>
  <testcase classname="com.juaracoding.groups.AuthenticationTest" name="webLogin" time="0.008"/>
  <system-out/>
</testsuite> <!-- com.juaracoding.groups.AuthenticationTest -->
