<?xml version="1.0" encoding="UTF-8"?>
<!-- Generated by org.testng.reporters.JUnitReportReporter -->
<testsuite hostname="Desta" failures="0" tests="1" name="com.juaracoding.test.TestPertama" time="0.012" errors="0" timestamp="2022-07-04T19:20:34 WIB" skipped="0">
  <testcase classname="com.juaracoding.test.TestPertama" name="testCase02" time="0.012"/>
  <system-out/>
</testsuite> <!-- com.juaracoding.test.TestPertama -->
