<?xml version="1.0" encoding="UTF-8"?>
<!-- Generated by org.testng.reporters.JUnitReportReporter -->
<testsuite hostname="Desta" failures="0" tests="4" name="com.juaracoding.test.Kategori" time="0.012" errors="0" timestamp="2022-07-04T20:18:58 WIB" skipped="0">
  <testcase classname="com.juaracoding.test.Kategori" name="testRumahTangga" time="0.005"/>
  <system-out/>
  <testcase classname="com.juaracoding.test.Kategori" name="testElektronik" time="0.003"/>
  <system-out/>
  <testcase classname="com.juaracoding.test.Kategori" name="testLatestProduct" time="0.002"/>
  <system-out/>
  <testcase classname="com.juaracoding.test.Kategori" name="testBarangDiskon" time="0.002"/>
  <system-out/>
</testsuite> <!-- com.juaracoding.test.Kategori -->
