<?xml version="1.0" encoding="UTF-8"?>
<!-- Generated by org.testng.reporters.JUnitReportReporter -->
<testsuite hostname="Desta" failures="0" tests="1" name="com.juaracoding.test.Beranda" time="0.013" errors="0" timestamp="2022-07-04T19:27:56 WIB" skipped="0">
  <testcase classname="com.juaracoding.test.Beranda" name="testMenu" time="0.013"/>
  <system-out/>
</testsuite> <!-- com.juaracoding.test.Beranda -->
