<?xml version="1.0" encoding="UTF-8"?>
<!-- Generated by org.testng.reporters.JUnitReportReporter -->
<testsuite hostname="Desta" failures="0" tests="1" name="com.tokopedia.login.LoginTest" time="1.075" errors="0" timestamp="2022-07-09T20:00:32 WIB" skipped="0">
  <testcase classname="com.tokopedia.login.LoginTest" name="testMethod" time="1.075"/>
  <system-out/>
</testsuite> <!-- com.tokopedia.login.LoginTest -->
