<?xml version="1.0" encoding="UTF-8"?>
<!-- Generated by org.testng.reporters.JUnitReportReporter -->
<testsuite hostname="Desta" failures="0" tests="1" name="com.tokopedia.register.RegistTest" time="1.058" errors="0" timestamp="2022-07-09T20:00:32 WIB" skipped="0">
  <testcase classname="com.tokopedia.register.RegistTest" name="testMethod" time="1.058"/>
  <system-out/>
</testsuite> <!-- com.tokopedia.register.RegistTest -->
