<?xml version="1.0" encoding="UTF-8"?>
<!-- Generated by org.testng.reporters.JUnitReportReporter -->
<testsuite hostname="Desta" failures="0" tests="2" name="com.tokopedia.loginregist.LoginRegistTest" time="35.137" errors="0" timestamp="2022-07-09T20:00:32 WIB" skipped="0">
  <testcase classname="com.tokopedia.loginregist.LoginRegistTest" name="loginTest" time="5.578"/>
  <system-out/>
  <testcase classname="com.tokopedia.loginregist.LoginRegistTest" name="registTest" time="29.559"/>
  <system-out/>
</testsuite> <!-- com.tokopedia.loginregist.LoginRegistTest -->
