<?xml version="1.0" encoding="UTF-8"?>
<!-- Generated by org.testng.reporters.JUnitReportReporter -->
<testsuite hostname="Desta" failures="0" tests="1" name="com.tokopedia.scroll.ScrollTest" time="18.841" errors="0" timestamp="2022-07-11T22:07:45 WIB" skipped="0">
  <testcase classname="com.tokopedia.scroll.ScrollTest" name="testScroll" time="18.841"/>
  <system-out/>
</testsuite> <!-- com.tokopedia.scroll.ScrollTest -->
