<?xml version="1.0" encoding="UTF-8"?>
<!-- Generated by org.testng.reporters.JUnitReportReporter -->
<testsuite hostname="Desta" failures="0" tests="3" name="com.herokuapp.buttons.ButtonsTest" time="10.457" errors="0" timestamp="2022-07-08T14:20:32 WIB" skipped="0">
  <testcase classname="com.herokuapp.buttons.ButtonsTest" name="testPrimaryButton" time="0.127"/>
  <system-out/>
  <testcase classname="com.herokuapp.buttons.ButtonsTest" name="testLeftMidleRigtButton" time="0.106"/>
  <system-out/>
  <testcase classname="com.herokuapp.buttons.ButtonsTest" name="test12Dropdown" time="10.224"/>
  <system-out/>
</testsuite> <!-- com.herokuapp.buttons.ButtonsTest -->
