<?xml version="1.0" encoding="UTF-8"?>
<!-- Generated by org.testng.reporters.JUnitReportReporter -->
<testsuite hostname="Desta" failures="0" tests="1" name="AmazonSearchJavaSelenium" time="0.427" errors="0" timestamp="2022-07-07T23:14:30 WIB" skipped="0">
  <testcase classname="AmazonSearchJavaSelenium" name="test" time="0.427"/>
  <system-out/>
</testsuite> <!-- AmazonSearchJavaSelenium -->
