<?xml version="1.0" encoding="UTF-8"?>
<!-- Generated by org.testng.reporters.JUnitReportReporter -->
<testsuite hostname="Desta" failures="0" tests="1" name="EbaySearchTest" time="4.188" errors="0" timestamp="2022-07-06T16:19:35 WIB" skipped="0">
  <testcase classname="EbaySearchTest" name="searchBarTest" time="4.188"/>
  <system-out/>
</testsuite> <!-- EbaySearchTest -->
