<?xml version="1.0" encoding="UTF-8"?>
<!-- Generated by org.testng.reporters.JUnitReportReporter -->
<testsuite hostname="Desta" failures="0" tests="1" name="Sample" time="0.021" errors="0" timestamp="2022-07-08T19:59:47 WIB" skipped="0">
  <testcase classname="Sample" name="test" time="0.021"/>
  <system-out/>
</testsuite> <!-- Sample -->
