<?xml version="1.0" encoding="UTF-8"?>
<!-- Generated by org.testng.reporters.JUnitReportReporter -->
<testsuite hostname="Desta" failures="0" tests="1" name="com.tokoonline.TokoIjo" time="0.818" errors="0" timestamp="2022-07-09T00:58:57 WIB" skipped="0">
  <testcase classname="com.tokoonline.TokoIjo" name="testHargaTotal" time="0.818"/>
  <system-out/>
</testsuite> <!-- com.tokoonline.TokoIjo -->
