<?xml version="1.0" encoding="UTF-8"?>
<!-- Generated by org.testng.reporters.JUnitReportReporter -->
<testsuite hostname="Desta" failures="0" tests="1" name="com.tokoonline.TokoOrange" time="0.545" errors="0" timestamp="2022-07-08T21:22:30 WIB" skipped="0">
  <testcase classname="com.tokoonline.TokoOrange" name="testHargaTotal" time="0.545"/>
  <system-out/>
</testsuite> <!-- com.tokoonline.TokoOrange -->
