<?xml version="1.0" encoding="UTF-8"?>
<!-- Generated by org.testng.reporters.JUnitReportReporter -->
<testsuite hostname="Desta" failures="0" tests="1" name="com.tokopedia.test.SearchTest" time="2.605" errors="0" timestamp="2022-07-07T19:53:29 WIB" skipped="0">
  <testcase classname="com.tokopedia.test.SearchTest" name="searchBarTest" time="2.605"/>
  <system-out/>
</testsuite> <!-- com.tokopedia.test.SearchTest -->
