<?xml version="1.0" encoding="UTF-8"?>
<!-- Generated by org.testng.reporters.JUnitReportReporter -->
<testsuite hostname="Desta" failures="0" tests="1" name="com.herokuapp.form.FormTest" time="4.344" errors="0" timestamp="2022-07-08T11:45:23 WIB" skipped="0">
  <testcase classname="com.herokuapp.form.FormTest" name="testForm" time="4.344"/>
  <system-out/>
</testsuite> <!-- com.herokuapp.form.FormTest -->
