<?xml version="1.0" encoding="UTF-8"?>
<!-- Generated by org.testng.reporters.JUnitReportReporter -->
<testsuite hostname="Desta" failures="0" tests="2" name="com.juaracoding.weapon.WeaponTest" time="0.016" errors="0" timestamp="2022-07-05T11:45:35 WIB" skipped="0">
  <testcase classname="com.juaracoding.weapon.WeaponTest" name="testShoot" time="0.003"/>
  <system-out/>
  <testcase classname="com.juaracoding.weapon.WeaponTest" name="testReload" time="0.013"/>
  <system-out/>
</testsuite> <!-- com.juaracoding.weapon.WeaponTest -->
